[2026-02-16 18:50:31,993] root - INFO - Model Recommendation Config: ModelRecommendationConfig(trained_model_path='artifacts\\dataset\\trained_model\\model.pkl', book_pivot_serialized_objects='artifacts\\dataset\\serialized_object\\book_pivot.pkl', final_books__serialized_objects='artifacts\\dataset\\serialized_object\\final_books.pkl', books_names_serialized_objects='artifacts\\dataset\\serialized_object\\books_names.pkl')
[2026-02-16 18:50:32,152] root - INFO - Model Recommendation Config: ModelRecommendationConfig(trained_model_path='artifacts\\dataset\\trained_model\\model.pkl', book_pivot_serialized_objects='artifacts\\dataset\\serialized_object\\book_pivot.pkl', final_books__serialized_objects='artifacts\\dataset\\serialized_object\\final_books.pkl', books_names_serialized_objects='artifacts\\dataset\\serialized_object\\books_names.pkl')
[2026-02-16 18:50:35,760] root - INFO - Model Recommendation Config: ModelRecommendationConfig(trained_model_path='artifacts\\dataset\\trained_model\\model.pkl', book_pivot_serialized_objects='artifacts\\dataset\\serialized_object\\book_pivot.pkl', final_books__serialized_objects='artifacts\\dataset\\serialized_object\\final_books.pkl', books_names_serialized_objects='artifacts\\dataset\\serialized_object\\books_names.pkl')
[2026-02-16 18:50:37,865] root - INFO - Model Recommendation Config: ModelRecommendationConfig(trained_model_path='artifacts\\dataset\\trained_model\\model.pkl', book_pivot_serialized_objects='artifacts\\dataset\\serialized_object\\book_pivot.pkl', final_books__serialized_objects='artifacts\\dataset\\serialized_object\\final_books.pkl', books_names_serialized_objects='artifacts\\dataset\\serialized_object\\books_names.pkl')
[2026-02-16 18:50:37,866] root - INFO - ==================== Starting Data Ingestion ====================
[2026-02-16 18:50:37,867] root - INFO - Data Ingestion Config: DatasetConfig(dataset_download_url='https://github.com/Ajit171098/Kaggle-datasets/raw/refs/heads/main/Books_DataSet.zip', raw_data_dir='artifacts\\dataset\\raw_data', ingested_dir='artifacts\\dataset\\ingested')
[2026-02-16 18:50:37,868] root - INFO - ==================== Starting Data Validation ====================
[2026-02-16 18:50:37,868] root - INFO - Data Validation Config: DataValidationConfig(clean_data_dir='artifacts\\dataset\\clean_data', serialized_object_dir='artifacts\\dataset\\serialized_object', books_csv_file='artifacts\\dataset\\ingested\\Books.csv', ratings_csv_file='artifacts\\dataset\\ingested\\Ratings.csv')
[2026-02-16 18:50:37,869] root - INFO - ==================== Starting Data Transformation ====================
[2026-02-16 18:50:37,869] root - INFO - Data Transformation Config: DataTransformationConfig(clean_data_file_path='artifacts\\dataset\\clean_data\\clean data.csv', transformed_data_dir='artifacts\\dataset\\transformed_data')
[2026-02-16 18:50:37,870] root - INFO - Data Validation Config: DataValidationConfig(clean_data_dir='artifacts\\dataset\\clean_data', serialized_object_dir='artifacts\\dataset\\serialized_object', books_csv_file='artifacts\\dataset\\ingested\\Books.csv', ratings_csv_file='artifacts\\dataset\\ingested\\Ratings.csv')
[2026-02-16 18:50:37,870] root - INFO - ==================== Get Model Trainer config ====================
[2026-02-16 18:50:37,870] root - INFO - Model Trainer Config: ModelTrainerConfig(transformed_data_file_path='artifacts\\dataset\\transformed_data\\transformed_data.pkl', trained_model_dir='artifacts\\dataset\\trained_model', model_file_name='model.pkl')
[2026-02-16 18:50:37,871] root - INFO - Downloading dataset from: https://github.com/Ajit171098/Kaggle-datasets/raw/refs/heads/main/Books_DataSet.zip into file: artifacts\dataset\raw_data\Books_DataSet.zip
[2026-02-16 18:50:43,896] root - INFO - Dataset downloaded successfully at: artifacts\dataset\raw_data\Books_DataSet.zip
[2026-02-16 18:50:43,897] root - INFO - Extracting zip file: artifacts\dataset\raw_data\Books_DataSet.zip into directory: artifacts\dataset\ingested
[2026-02-16 18:50:45,025] root - INFO - Zip file extracted successfully into directory: artifacts\dataset\ingested
[2026-02-16 18:50:45,026] root - INFO - ==================== Data Ingestion Completed ====================
[2026-02-16 18:50:45,026] root - INFO - ==================== Starting Data Preprocessing ====================
[2026-02-16 18:50:47,502] root - INFO - Books dataset shape: (271360, 8)
[2026-02-16 18:50:47,502] root - INFO - Ratings dataset shape: (1149780, 3)
[2026-02-16 18:50:48,984] root - INFO - Final dataset shape after preprocessing: (59850, 9)
[2026-02-16 18:50:49,492] root - INFO - Cleaned data saved successfully at: artifacts\dataset\clean_data
[2026-02-16 18:50:49,531] root - INFO - Serialized object saved successfully at: artifacts\dataset\serialized_object
[2026-02-16 18:50:49,645] root - INFO - ==================== Data Preprocessing Completed ====================
[2026-02-16 18:50:49,645] root - INFO - ==================== Initiating data transformation process ====================
[2026-02-16 18:50:49,646] root - INFO - Reading clean data from: artifacts\dataset\clean_data\clean data.csv
[2026-02-16 18:50:49,892] root - INFO - Transformed data saved successfully at: artifacts\dataset\transformed_data
[2026-02-16 18:50:49,897] root - INFO - Serialized object for book names saved successfully at: artifacts\dataset\serialized_object
[2026-02-16 18:50:49,911] root - INFO - Transformed data saved successfully at: artifacts\dataset\serialized_object
[2026-02-16 18:50:49,914] root - INFO - ==================== Data transformation process completed successfully ====================
[2026-02-16 18:52:29,225] root - INFO - Model Recommendation Config: ModelRecommendationConfig(trained_model_path='artifacts\\dataset\\trained_model\\model.pkl', book_pivot_serialized_objects='artifacts\\dataset\\serialized_object\\book_pivot.pkl', final_books__serialized_objects='artifacts\\dataset\\serialized_object\\final_books.pkl', books_names_serialized_objects='artifacts\\dataset\\serialized_object\\books_names.pkl')
[2026-02-16 18:52:29,226] root - INFO - ==================== Starting Data Ingestion ====================
[2026-02-16 18:52:29,226] root - INFO - Data Ingestion Config: DatasetConfig(dataset_download_url='https://github.com/Ajit171098/Kaggle-datasets/raw/refs/heads/main/Books_DataSet.zip', raw_data_dir='artifacts\\dataset\\raw_data', ingested_dir='artifacts\\dataset\\ingested')
[2026-02-16 18:52:29,227] root - INFO - ==================== Starting Data Validation ====================
[2026-02-16 18:52:29,227] root - INFO - Data Validation Config: DataValidationConfig(clean_data_dir='artifacts\\dataset\\clean_data', serialized_object_dir='artifacts\\dataset\\serialized_object', books_csv_file='artifacts\\dataset\\ingested\\Books.csv', ratings_csv_file='artifacts\\dataset\\ingested\\Ratings.csv')
[2026-02-16 18:52:29,228] root - INFO - ==================== Starting Data Transformation ====================
[2026-02-16 18:52:29,228] root - INFO - Data Transformation Config: DataTransformationConfig(clean_data_file_path='artifacts\\dataset\\clean_data\\clean data.csv', transformed_data_dir='artifacts\\dataset\\transformed_data')
[2026-02-16 18:52:29,228] root - INFO - Data Validation Config: DataValidationConfig(clean_data_dir='artifacts\\dataset\\clean_data', serialized_object_dir='artifacts\\dataset\\serialized_object', books_csv_file='artifacts\\dataset\\ingested\\Books.csv', ratings_csv_file='artifacts\\dataset\\ingested\\Ratings.csv')
[2026-02-16 18:52:29,228] root - INFO - ==================== Get Model Trainer config ====================
[2026-02-16 18:52:29,228] root - INFO - Model Trainer Config: ModelTrainerConfig(transformed_data_file_path='artifacts\\dataset\\transformed_data\\transformed_data.pkl', trained_model_dir='artifacts\\dataset\\trained_model', model_file_name='model.pkl')
[2026-02-16 18:52:29,229] root - INFO - Downloading dataset from: https://github.com/Ajit171098/Kaggle-datasets/raw/refs/heads/main/Books_DataSet.zip into file: artifacts\dataset\raw_data\Books_DataSet.zip
[2026-02-16 18:52:33,502] root - INFO - Dataset downloaded successfully at: artifacts\dataset\raw_data\Books_DataSet.zip
[2026-02-16 18:52:33,503] root - INFO - Extracting zip file: artifacts\dataset\raw_data\Books_DataSet.zip into directory: artifacts\dataset\ingested
[2026-02-16 18:52:34,633] root - INFO - Zip file extracted successfully into directory: artifacts\dataset\ingested
[2026-02-16 18:52:34,633] root - INFO - ==================== Data Ingestion Completed ====================
[2026-02-16 18:52:34,633] root - INFO - ==================== Starting Data Preprocessing ====================
[2026-02-16 18:52:37,112] root - INFO - Books dataset shape: (271360, 8)
[2026-02-16 18:52:37,112] root - INFO - Ratings dataset shape: (1149780, 3)
[2026-02-16 18:52:38,603] root - INFO - Final dataset shape after preprocessing: (59850, 9)
[2026-02-16 18:52:39,087] root - INFO - Cleaned data saved successfully at: artifacts\dataset\clean_data
[2026-02-16 18:52:39,117] root - INFO - Serialized object saved successfully at: artifacts\dataset\serialized_object
[2026-02-16 18:52:39,228] root - INFO - ==================== Data Preprocessing Completed ====================
[2026-02-16 18:52:39,228] root - INFO - ==================== Initiating data transformation process ====================
[2026-02-16 18:52:39,228] root - INFO - Reading clean data from: artifacts\dataset\clean_data\clean data.csv
[2026-02-16 18:52:39,447] root - INFO - Transformed data saved successfully at: artifacts\dataset\transformed_data
[2026-02-16 18:52:39,451] root - INFO - Serialized object for book names saved successfully at: artifacts\dataset\serialized_object
[2026-02-16 18:52:39,460] root - INFO - Transformed data saved successfully at: artifacts\dataset\serialized_object
[2026-02-16 18:52:39,463] root - INFO - ==================== Data transformation process completed successfully ====================
[2026-02-16 18:52:39,463] root - INFO - ==================== Initiating model training process ====================
[2026-02-16 18:52:39,463] root - INFO - ==================== Starting model training ====================
[2026-02-16 18:52:39,482] root - INFO - Trained model saved successfully at: artifacts\dataset\trained_model\model.pkl
[2026-02-16 18:52:39,482] root - INFO - ==================== Model training completed successfully ====================
[2026-02-16 18:52:39,483] root - INFO - ==================== Model training process completed successfully ====================
[2026-02-16 18:52:44,177] root - INFO - Model Recommendation Config: ModelRecommendationConfig(trained_model_path='artifacts\\dataset\\trained_model\\model.pkl', book_pivot_serialized_objects='artifacts\\dataset\\serialized_object\\book_pivot.pkl', final_books__serialized_objects='artifacts\\dataset\\serialized_object\\final_books.pkl', books_names_serialized_objects='artifacts\\dataset\\serialized_object\\books_names.pkl')
[2026-02-16 18:52:45,800] root - INFO - Model Recommendation Config: ModelRecommendationConfig(trained_model_path='artifacts\\dataset\\trained_model\\model.pkl', book_pivot_serialized_objects='artifacts\\dataset\\serialized_object\\book_pivot.pkl', final_books__serialized_objects='artifacts\\dataset\\serialized_object\\final_books.pkl', books_names_serialized_objects='artifacts\\dataset\\serialized_object\\books_names.pkl')
[2026-02-16 18:53:59,895] root - INFO - Model Recommendation Config: ModelRecommendationConfig(trained_model_path='artifacts\\dataset\\trained_model\\model.pkl', book_pivot_serialized_objects='artifacts\\dataset\\serialized_object\\book_pivot.pkl', final_books__serialized_objects='artifacts\\dataset\\serialized_object\\final_books.pkl', books_names_serialized_objects='artifacts\\dataset\\serialized_object\\books_names.pkl')
