[2026-02-16 16:47:39,355] root - INFO - ==================== Starting Data Ingestion ====================
[2026-02-16 16:47:39,356] root - INFO - Data Ingestion Config: DatasetConfig(dataset_download_url='https://github.com/Ajit171098/Kaggle-datasets/raw/refs/heads/main/Books_DataSet.zip', raw_data_dir='artifacts\\dataset\\raw_data', ingested_dir='artifacts\\dataset\\ingested')
[2026-02-16 16:47:39,356] root - INFO - ==================== Starting Data Validation ====================
[2026-02-16 16:47:39,356] root - INFO - Data Validation Config: DataValidationConfig(clean_data_dir='artifacts\\dataset\\clean_data', serialized_object_dir='artifacts\\dataset\\serialized_object', books_csv_file='artifacts\\dataset\\ingested\\Books.csv', ratings_csv_file='artifacts\\dataset\\ingested\\Ratings.csv')
[2026-02-16 16:47:39,356] root - INFO - ==================== Starting Data Transformation ====================
[2026-02-16 16:47:39,356] root - INFO - Data Transformation Config: DataTransformationConfig(clean_data_file_path='artifacts\\dataset\\clean_data\\clean data.csv', transformed_data_dir='artifacts\\dataset\\transformed_data')
[2026-02-16 16:47:39,356] root - INFO - Data Validation Config: DataValidationConfig(clean_data_dir='artifacts\\dataset\\clean_data', serialized_object_dir='artifacts\\dataset\\serialized_object', books_csv_file='artifacts\\dataset\\ingested\\Books.csv', ratings_csv_file='artifacts\\dataset\\ingested\\Ratings.csv')
[2026-02-16 16:47:39,356] root - INFO - ==================== Get Model Trainer config ====================
[2026-02-16 16:47:39,356] root - INFO - Model Trainer Config: ModelTrainerConfig(transformed_data_file_path='artifacts\\dataset\\transformed_data\\transformed_data.pkl', trained_model_dir='artifacts\\dataset\\trained_model', model_file_name='model.pkl')
[2026-02-16 16:47:39,357] root - INFO - Downloading dataset from: https://github.com/Ajit171098/Kaggle-datasets/raw/refs/heads/main/Books_DataSet.zip into file: artifacts\dataset\raw_data\Books_DataSet.zip
[2026-02-16 16:47:43,940] root - INFO - Dataset downloaded successfully at: artifacts\dataset\raw_data\Books_DataSet.zip
[2026-02-16 16:47:43,941] root - INFO - Extracting zip file: artifacts\dataset\raw_data\Books_DataSet.zip into directory: artifacts\dataset\ingested
[2026-02-16 16:47:44,406] root - INFO - Zip file extracted successfully into directory: artifacts\dataset\ingested
[2026-02-16 16:47:44,406] root - INFO - ==================== Data Ingestion Completed ====================
[2026-02-16 16:47:44,406] root - INFO - ==================== Starting Data Preprocessing ====================
[2026-02-16 16:47:45,492] root - INFO - Books dataset shape: (271360, 8)
[2026-02-16 16:47:45,493] root - INFO - Ratings dataset shape: (1149780, 3)
[2026-02-16 16:47:46,259] root - INFO - Final dataset shape after preprocessing: (59850, 9)
[2026-02-16 16:47:46,545] root - INFO - Cleaned data saved successfully at: artifacts\dataset\clean_data
[2026-02-16 16:47:46,575] root - INFO - Serialized object saved successfully at: artifacts\dataset\serialized_object
[2026-02-16 16:47:46,649] root - INFO - ==================== Data Preprocessing Completed ====================
[2026-02-16 16:47:46,650] root - INFO - ==================== Initiating data transformation process ====================
[2026-02-16 16:47:46,650] root - INFO - Reading clean data from: artifacts\dataset\clean_data\clean data.csv
[2026-02-16 16:47:46,801] root - INFO - Transformed data saved successfully at: artifacts\dataset\transformed_data
[2026-02-16 16:47:46,803] root - INFO - Serialized object for book names saved successfully at: artifacts\dataset\serialized_object
[2026-02-16 16:47:46,809] root - INFO - Transformed data saved successfully at: artifacts\dataset\serialized_object
[2026-02-16 16:47:46,811] root - INFO - ==================== Data transformation process completed successfully ====================
[2026-02-16 16:47:46,811] root - INFO - ==================== Initiating model training process ====================
[2026-02-16 16:47:46,811] root - INFO - ==================== Starting model training ====================
[2026-02-16 16:47:46,826] root - INFO - Trained model saved successfully at: artifacts\dataset\trained_model\model.pkl
[2026-02-16 16:47:46,826] root - INFO - ==================== Model training completed successfully ====================
[2026-02-16 16:47:46,827] root - INFO - ==================== Model training process completed successfully ====================
